WARNING:werkzeug: * Debugger is active!
INFO:werkzeug: * Debugger PIN: 118-681-321
INFO:werkzeug: * Detected change in 'c:\\Users\\Lenovo\\Documents\\projects\\LabManagement\\app.py', reloading
WARNING:werkzeug: * Debugger is active!
INFO:werkzeug: * Debugger PIN: 118-681-321
INFO:werkzeug:127.0.0.1 - - [26/Dec/2023 08:08:31] "OPTIONS /register HTTP/1.1" 200 -
ERROR:root:An error occurred during user registration:
Traceback (most recent call last):
  File "c:\Users\Lenovo\Documents\projects\LabManagement\app.py", line 126, in create_user
    username = request.form['username']
               ~~~~~~~~~~~~^^^^^^^^^^^^
  File "C:\Users\Lenovo\AppData\Local\Programs\Python\Python312\Lib\site-packages\werkzeug\datastructures\structures.py", line 192, in __getitem__
    raise exceptions.BadRequestKeyError(key)
werkzeug.exceptions.BadRequestKeyError: 400 Bad Request: The browser (or proxy) sent a request that this server could not understand.
INFO:werkzeug:127.0.0.1 - - [26/Dec/2023 08:08:31] "[35m[1mPOST /register HTTP/1.1[0m" 500 -
INFO:werkzeug:[31m[1mWARNING: This is a development server. Do not use it in a production deployment. Use a production WSGI server instead.[0m
 * Running on http://127.0.0.1:5000
INFO:werkzeug:[33mPress CTRL+C to quit[0m
INFO:werkzeug: * Restarting with stat
WARNING:werkzeug: * Debugger is active!
INFO:werkzeug: * Debugger PIN: 118-681-321
INFO:werkzeug: * Detected change in 'c:\\Users\\Lenovo\\Documents\\projects\\LabManagement\\app.py', reloading
INFO:werkzeug: * Restarting with stat
WARNING:werkzeug: * Debugger is active!
INFO:werkzeug: * Debugger PIN: 118-681-321
INFO:werkzeug: * Detected change in 'c:\\Users\\Lenovo\\Documents\\projects\\LabManagement\\app.py', reloading
INFO:werkzeug: * Restarting with stat
WARNING:werkzeug: * Debugger is active!
INFO:werkzeug: * Debugger PIN: 118-681-321
INFO:werkzeug: * Detected change in 'c:\\Users\\Lenovo\\Documents\\projects\\LabManagement\\app.py', reloading
INFO:werkzeug: * Restarting with stat
WARNING:werkzeug: * Debugger is active!
INFO:werkzeug: * Debugger PIN: 118-681-321
INFO:werkzeug:[31m[1mWARNING: This is a development server. Do not use it in a production deployment. Use a production WSGI server instead.[0m
 * Running on http://127.0.0.1:5000
INFO:werkzeug:[33mPress CTRL+C to quit[0m
INFO:werkzeug: * Restarting with stat
WARNING:werkzeug: * Debugger is active!
INFO:werkzeug: * Debugger PIN: 118-681-321
INFO:werkzeug: * Detected change in 'c:\\Users\\Lenovo\\Documents\\projects\\LabManagement\\app.py', reloading
INFO:werkzeug: * Restarting with stat
WARNING:werkzeug: * Debugger is active!
INFO:werkzeug: * Debugger PIN: 118-681-321
INFO:werkzeug:127.0.0.1 - - [26/Dec/2023 08:12:01] "OPTIONS /register HTTP/1.1" 200 -
ERROR:root:An error occurred during user registration:
Traceback (most recent call last):
  File "c:\Users\Lenovo\Documents\projects\LabManagement\app.py", line 130, in create_user
    username = request.form['username']
               ~~~~~~~~~~~~^^^^^^^^^^^^
  File "C:\Users\Lenovo\AppData\Local\Programs\Python\Python312\Lib\site-packages\werkzeug\datastructures\structures.py", line 192, in __getitem__
    raise exceptions.BadRequestKeyError(key)
werkzeug.exceptions.BadRequestKeyError: 400 Bad Request: The browser (or proxy) sent a request that this server could not understand.
INFO:werkzeug:127.0.0.1 - - [26/Dec/2023 08:12:01] "[35m[1mPOST /register HTTP/1.1[0m" 500 -
INFO:werkzeug: * Detected change in 'c:\\Users\\Lenovo\\Documents\\projects\\LabManagement\\app.py', reloading
INFO:werkzeug: * Restarting with stat
WARNING:werkzeug: * Debugger is active!
INFO:werkzeug: * Debugger PIN: 118-681-321
INFO:werkzeug: * Detected change in 'c:\\Users\\Lenovo\\Documents\\projects\\LabManagement\\app.py', reloading
INFO:werkzeug: * Restarting with stat
WARNING:werkzeug: * Debugger is active!
INFO:werkzeug: * Debugger PIN: 118-681-321
INFO:werkzeug: * Detected change in 'c:\\Users\\Lenovo\\Documents\\projects\\LabManagement\\app.py', reloading
INFO:werkzeug: * Restarting with stat
WARNING:werkzeug: * Debugger is active!
INFO:werkzeug: * Debugger PIN: 118-681-321
INFO:werkzeug:[31m[1mWARNING: This is a development server. Do not use it in a production deployment. Use a production WSGI server instead.[0m
 * Running on http://127.0.0.1:5000
INFO:werkzeug:[33mPress CTRL+C to quit[0m
INFO:werkzeug: * Restarting with stat
WARNING:werkzeug: * Debugger is active!
INFO:werkzeug: * Debugger PIN: 118-681-321
INFO:werkzeug:127.0.0.1 - - [26/Dec/2023 08:14:50] "OPTIONS /register HTTP/1.1" 200 -
ERROR:root:An error occurred during user registration:
Traceback (most recent call last):
  File "C:\Users\Lenovo\AppData\Local\Programs\Python\Python312\Lib\site-packages\werkzeug\wrappers\request.py", line 611, in get_json
    rv = self.json_module.loads(data)
         ^^^^^^^^^^^^^^^^^^^^^^^^^^^^
  File "C:\Users\Lenovo\AppData\Local\Programs\Python\Python312\Lib\site-packages\flask\json\provider.py", line 188, in loads
    return json.loads(s, **kwargs)
           ^^^^^^^^^^^^^^^^^^^^^^^
  File "C:\Users\Lenovo\AppData\Local\Programs\Python\Python312\Lib\json\__init__.py", line 341, in loads
    s = s.decode(detect_encoding(s), 'surrogatepass')
        ^^^^^^^^^^^^^^^^^^^^^^^^^^^^^^^^^^^^^^^^^^^^^
UnicodeDecodeError: 'utf-8' codec can't decode byte 0xff in position 789: invalid start byte

During handling of the above exception, another exception occurred:

Traceback (most recent call last):
  File "c:\Users\Lenovo\Documents\projects\LabManagement\app.py", line 126, in create_user
    username = request.json.get('username')
               ^^^^^^^^^^^^
  File "C:\Users\Lenovo\AppData\Local\Programs\Python\Python312\Lib\site-packages\werkzeug\wrappers\request.py", line 558, in json
    return self.get_json()
           ^^^^^^^^^^^^^^^
  File "C:\Users\Lenovo\AppData\Local\Programs\Python\Python312\Lib\site-packages\werkzeug\wrappers\request.py", line 620, in get_json
    rv = self.on_json_loading_failed(e)
         ^^^^^^^^^^^^^^^^^^^^^^^^^^^^^^
  File "C:\Users\Lenovo\AppData\Local\Programs\Python\Python312\Lib\site-packages\flask\wrappers.py", line 130, in on_json_loading_failed
    return super().on_json_loading_failed(e)
           ^^^^^^^^^^^^^^^^^^^^^^^^^^^^^^^^^
  File "C:\Users\Lenovo\AppData\Local\Programs\Python\Python312\Lib\site-packages\werkzeug\wrappers\request.py", line 645, in on_json_loading_failed
    raise BadRequest(f"Failed to decode JSON object: {e}")
werkzeug.exceptions.BadRequest: 400 Bad Request: Failed to decode JSON object: 'utf-8' codec can't decode byte 0xff in position 789: invalid start byte
INFO:werkzeug:127.0.0.1 - - [26/Dec/2023 08:14:50] "[35m[1mPOST /register HTTP/1.1[0m" 500 -
INFO:werkzeug:127.0.0.1 - - [26/Dec/2023 08:15:04] "OPTIONS /register HTTP/1.1" 200 -
ERROR:root:An error occurred during user registration:
Traceback (most recent call last):
  File "C:\Users\Lenovo\AppData\Local\Programs\Python\Python312\Lib\site-packages\werkzeug\wrappers\request.py", line 611, in get_json
    rv = self.json_module.loads(data)
         ^^^^^^^^^^^^^^^^^^^^^^^^^^^^
  File "C:\Users\Lenovo\AppData\Local\Programs\Python\Python312\Lib\site-packages\flask\json\provider.py", line 188, in loads
    return json.loads(s, **kwargs)
           ^^^^^^^^^^^^^^^^^^^^^^^
  File "C:\Users\Lenovo\AppData\Local\Programs\Python\Python312\Lib\json\__init__.py", line 341, in loads
    s = s.decode(detect_encoding(s), 'surrogatepass')
        ^^^^^^^^^^^^^^^^^^^^^^^^^^^^^^^^^^^^^^^^^^^^^
UnicodeDecodeError: 'utf-8' codec can't decode byte 0xff in position 789: invalid start byte

During handling of the above exception, another exception occurred:

Traceback (most recent call last):
  File "c:\Users\Lenovo\Documents\projects\LabManagement\app.py", line 126, in create_user
    username = request.json.get('username')
               ^^^^^^^^^^^^
  File "C:\Users\Lenovo\AppData\Local\Programs\Python\Python312\Lib\site-packages\werkzeug\wrappers\request.py", line 558, in json
    return self.get_json()
           ^^^^^^^^^^^^^^^
  File "C:\Users\Lenovo\AppData\Local\Programs\Python\Python312\Lib\site-packages\werkzeug\wrappers\request.py", line 620, in get_json
    rv = self.on_json_loading_failed(e)
         ^^^^^^^^^^^^^^^^^^^^^^^^^^^^^^
  File "C:\Users\Lenovo\AppData\Local\Programs\Python\Python312\Lib\site-packages\flask\wrappers.py", line 130, in on_json_loading_failed
    return super().on_json_loading_failed(e)
           ^^^^^^^^^^^^^^^^^^^^^^^^^^^^^^^^^
  File "C:\Users\Lenovo\AppData\Local\Programs\Python\Python312\Lib\site-packages\werkzeug\wrappers\request.py", line 645, in on_json_loading_failed
    raise BadRequest(f"Failed to decode JSON object: {e}")
werkzeug.exceptions.BadRequest: 400 Bad Request: Failed to decode JSON object: 'utf-8' codec can't decode byte 0xff in position 789: invalid start byte
INFO:werkzeug:127.0.0.1 - - [26/Dec/2023 08:15:04] "[35m[1mPOST /register HTTP/1.1[0m" 500 -
INFO:werkzeug: * Detected change in 'c:\\Users\\Lenovo\\Documents\\projects\\LabManagement\\app.py', reloading
INFO:werkzeug: * Restarting with stat
WARNING:werkzeug: * Debugger is active!
INFO:werkzeug: * Debugger PIN: 118-681-321
INFO:werkzeug: * Detected change in 'c:\\Users\\Lenovo\\Documents\\projects\\LabManagement\\app.py', reloading
INFO:werkzeug: * Restarting with stat
WARNING:werkzeug: * Debugger is active!
INFO:werkzeug: * Debugger PIN: 118-681-321
INFO:werkzeug: * Detected change in 'c:\\Users\\Lenovo\\Documents\\projects\\LabManagement\\app.py', reloading
INFO:werkzeug: * Restarting with stat
WARNING:werkzeug: * Debugger is active!
INFO:werkzeug: * Debugger PIN: 118-681-321
INFO:werkzeug:127.0.0.1 - - [26/Dec/2023 08:16:11] "OPTIONS /register HTTP/1.1" 200 -
ERROR:root:An error occurred during user registration:
Traceback (most recent call last):
  File "C:\Users\Lenovo\AppData\Local\Programs\Python\Python312\Lib\site-packages\werkzeug\wrappers\request.py", line 611, in get_json
    rv = self.json_module.loads(data)
         ^^^^^^^^^^^^^^^^^^^^^^^^^^^^
  File "C:\Users\Lenovo\AppData\Local\Programs\Python\Python312\Lib\site-packages\flask\json\provider.py", line 188, in loads
    return json.loads(s, **kwargs)
           ^^^^^^^^^^^^^^^^^^^^^^^
  File "C:\Users\Lenovo\AppData\Local\Programs\Python\Python312\Lib\json\__init__.py", line 341, in loads
    s = s.decode(detect_encoding(s), 'surrogatepass')
        ^^^^^^^^^^^^^^^^^^^^^^^^^^^^^^^^^^^^^^^^^^^^^
UnicodeDecodeError: 'utf-8' codec can't decode byte 0xff in position 789: invalid start byte

During handling of the above exception, another exception occurred:

Traceback (most recent call last):
  File "c:\Users\Lenovo\Documents\projects\LabManagement\app.py", line 126, in create_user
    username = request.json.get('username')
               ^^^^^^^^^^^^
  File "C:\Users\Lenovo\AppData\Local\Programs\Python\Python312\Lib\site-packages\werkzeug\wrappers\request.py", line 558, in json
    return self.get_json()
           ^^^^^^^^^^^^^^^
  File "C:\Users\Lenovo\AppData\Local\Programs\Python\Python312\Lib\site-packages\werkzeug\wrappers\request.py", line 620, in get_json
    rv = self.on_json_loading_failed(e)
         ^^^^^^^^^^^^^^^^^^^^^^^^^^^^^^
  File "C:\Users\Lenovo\AppData\Local\Programs\Python\Python312\Lib\site-packages\flask\wrappers.py", line 130, in on_json_loading_failed
    return super().on_json_loading_failed(e)
           ^^^^^^^^^^^^^^^^^^^^^^^^^^^^^^^^^
  File "C:\Users\Lenovo\AppData\Local\Programs\Python\Python312\Lib\site-packages\werkzeug\wrappers\request.py", line 645, in on_json_loading_failed
    raise BadRequest(f"Failed to decode JSON object: {e}")
werkzeug.exceptions.BadRequest: 400 Bad Request: Failed to decode JSON object: 'utf-8' codec can't decode byte 0xff in position 789: invalid start byte
INFO:werkzeug:127.0.0.1 - - [26/Dec/2023 08:16:11] "[35m[1mPOST /register HTTP/1.1[0m" 500 -
INFO:werkzeug: * Detected change in 'c:\\Users\\Lenovo\\Documents\\projects\\LabManagement\\app.py', reloading
INFO:werkzeug: * Restarting with stat
WARNING:werkzeug: * Debugger is active!
INFO:werkzeug: * Debugger PIN: 118-681-321
INFO:werkzeug:[31m[1mWARNING: This is a development server. Do not use it in a production deployment. Use a production WSGI server instead.[0m
 * Running on http://127.0.0.1:5000
INFO:werkzeug:[33mPress CTRL+C to quit[0m
INFO:werkzeug: * Restarting with stat
WARNING:werkzeug: * Debugger is active!
INFO:werkzeug: * Debugger PIN: 118-681-321
INFO:werkzeug:[31m[1mWARNING: This is a development server. Do not use it in a production deployment. Use a production WSGI server instead.[0m
 * Running on http://127.0.0.1:5000
INFO:werkzeug:[33mPress CTRL+C to quit[0m
INFO:werkzeug: * Restarting with stat
WARNING:werkzeug: * Debugger is active!
INFO:werkzeug: * Debugger PIN: 118-681-321
INFO:werkzeug: * Detected change in 'c:\\Users\\Lenovo\\Documents\\projects\\LabManagement\\app.py', reloading
INFO:werkzeug: * Restarting with stat
WARNING:werkzeug: * Debugger is active!
INFO:werkzeug: * Debugger PIN: 118-681-321
INFO:werkzeug:127.0.0.1 - - [26/Dec/2023 08:17:10] "OPTIONS /register HTTP/1.1" 200 -
ERROR:root:An error occurred during user registration:
Traceback (most recent call last):
  File "c:\Users\Lenovo\Documents\projects\LabManagement\app.py", line 129, in create_user
    username = request.form['username']
               ~~~~~~~~~~~~^^^^^^^^^^^^
  File "C:\Users\Lenovo\AppData\Local\Programs\Python\Python312\Lib\site-packages\werkzeug\datastructures\structures.py", line 192, in __getitem__
    raise exceptions.BadRequestKeyError(key)
werkzeug.exceptions.BadRequestKeyError: 400 Bad Request: The browser (or proxy) sent a request that this server could not understand.
INFO:werkzeug:127.0.0.1 - - [26/Dec/2023 08:17:10] "[35m[1mPOST /register HTTP/1.1[0m" 500 -
INFO:werkzeug: * Detected change in 'c:\\Users\\Lenovo\\Documents\\projects\\LabManagement\\app.py', reloading
INFO:werkzeug: * Restarting with stat
INFO:werkzeug: * Restarting with stat
